<?xml version="1.0" encoding="UTF-8"?>
<testsuite xmlns:xsi="http://www.w3.org/2001/XMLSchema-instance" xsi:noNamespaceSchemaLocation="https://maven.apache.org/surefire/maven-surefire-plugin/xsd/surefire-test-report.xsd" version="3.0.1" name="TestSuite" time="0.421" tests="23" errors="0" skipped="0" failures="0">
  <properties>
    <property name="java.specification.version" value="21"/>
    <property name="sun.jnu.encoding" value="UTF-8"/>
    <property name="java.class.path" value="/Users/manoj.p/automationlearning/TechnicalChallenge_Orcale/target/test-classes:/Users/manoj.p/automationlearning/TechnicalChallenge_Orcale/target/classes:/Users/manoj.p/.m2/repository/org/testng/testng/6.14.3/testng-6.14.3.jar:/Users/manoj.p/.m2/repository/com/beust/jcommander/1.72/jcommander-1.72.jar:/Users/manoj.p/.m2/repository/org/apache-extras/beanshell/bsh/2.0b6/bsh-2.0b6.jar:/Users/manoj.p/.m2/repository/org/apache/poi/poi-ooxml/5.2.3/poi-ooxml-5.2.3.jar:/Users/manoj.p/.m2/repository/org/apache/poi/poi/5.2.3/poi-5.2.3.jar:/Users/manoj.p/.m2/repository/commons-codec/commons-codec/1.15/commons-codec-1.15.jar:/Users/manoj.p/.m2/repository/org/apache/commons/commons-math3/3.6.1/commons-math3-3.6.1.jar:/Users/manoj.p/.m2/repository/com/zaxxer/SparseBitSet/1.2/SparseBitSet-1.2.jar:/Users/manoj.p/.m2/repository/org/apache/poi/poi-ooxml-lite/5.2.3/poi-ooxml-lite-5.2.3.jar:/Users/manoj.p/.m2/repository/org/apache/xmlbeans/xmlbeans/5.1.1/xmlbeans-5.1.1.jar:/Users/manoj.p/.m2/repository/org/apache/commons/commons-compress/1.21/commons-compress-1.21.jar:/Users/manoj.p/.m2/repository/commons-io/commons-io/2.11.0/commons-io-2.11.0.jar:/Users/manoj.p/.m2/repository/com/github/virtuald/curvesapi/1.07/curvesapi-1.07.jar:/Users/manoj.p/.m2/repository/org/apache/logging/log4j/log4j-api/2.18.0/log4j-api-2.18.0.jar:/Users/manoj.p/.m2/repository/org/apache/commons/commons-collections4/4.4/commons-collections4-4.4.jar:"/>
    <property name="java.vm.vendor" value="Oracle Corporation"/>
    <property name="sun.arch.data.model" value="64"/>
    <property name="java.vendor.url" value="https://java.oracle.com/"/>
    <property name="user.timezone" value="Asia/Kolkata"/>
    <property name="os.name" value="Mac OS X"/>
    <property name="java.vm.specification.version" value="21"/>
    <property name="sun.java.launcher" value="SUN_STANDARD"/>
    <property name="user.country" value="GB"/>
    <property name="sun.boot.library.path" value="/Library/Java/JavaVirtualMachines/jdk-21.jdk/Contents/Home/lib"/>
    <property name="sun.java.command" value="/Users/manoj.p/automationlearning/TechnicalChallenge_Orcale/target/surefire/surefirebooter-20240716112904733_3.jar /Users/manoj.p/automationlearning/TechnicalChallenge_Orcale/target/surefire 2024-07-16T11-29-04_619-jvmRun1 surefire-20240716112904733_1tmp surefire_0-20240716112904733_2tmp"/>
    <property name="jdk.debug" value="release"/>
    <property name="surefire.test.class.path" value="/Users/manoj.p/automationlearning/TechnicalChallenge_Orcale/target/test-classes:/Users/manoj.p/automationlearning/TechnicalChallenge_Orcale/target/classes:/Users/manoj.p/.m2/repository/org/testng/testng/6.14.3/testng-6.14.3.jar:/Users/manoj.p/.m2/repository/com/beust/jcommander/1.72/jcommander-1.72.jar:/Users/manoj.p/.m2/repository/org/apache-extras/beanshell/bsh/2.0b6/bsh-2.0b6.jar:/Users/manoj.p/.m2/repository/org/apache/poi/poi-ooxml/5.2.3/poi-ooxml-5.2.3.jar:/Users/manoj.p/.m2/repository/org/apache/poi/poi/5.2.3/poi-5.2.3.jar:/Users/manoj.p/.m2/repository/commons-codec/commons-codec/1.15/commons-codec-1.15.jar:/Users/manoj.p/.m2/repository/org/apache/commons/commons-math3/3.6.1/commons-math3-3.6.1.jar:/Users/manoj.p/.m2/repository/com/zaxxer/SparseBitSet/1.2/SparseBitSet-1.2.jar:/Users/manoj.p/.m2/repository/org/apache/poi/poi-ooxml-lite/5.2.3/poi-ooxml-lite-5.2.3.jar:/Users/manoj.p/.m2/repository/org/apache/xmlbeans/xmlbeans/5.1.1/xmlbeans-5.1.1.jar:/Users/manoj.p/.m2/repository/org/apache/commons/commons-compress/1.21/commons-compress-1.21.jar:/Users/manoj.p/.m2/repository/commons-io/commons-io/2.11.0/commons-io-2.11.0.jar:/Users/manoj.p/.m2/repository/com/github/virtuald/curvesapi/1.07/curvesapi-1.07.jar:/Users/manoj.p/.m2/repository/org/apache/logging/log4j/log4j-api/2.18.0/log4j-api-2.18.0.jar:/Users/manoj.p/.m2/repository/org/apache/commons/commons-collections4/4.4/commons-collections4-4.4.jar:"/>
    <property name="sun.cpu.endian" value="little"/>
    <property name="user.home" value="/Users/manoj.p"/>
    <property name="user.language" value="en"/>
    <property name="java.specification.vendor" value="Oracle Corporation"/>
    <property name="java.version.date" value="2024-04-16"/>
    <property name="java.home" value="/Library/Java/JavaVirtualMachines/jdk-21.jdk/Contents/Home"/>
    <property name="file.separator" value="/"/>
    <property name="basedir" value="/Users/manoj.p/automationlearning/TechnicalChallenge_Orcale"/>
    <property name="style.color" value="always"/>
    <property name="java.vm.compressedOopsMode" value="Zero based"/>
    <property name="line.separator" value="&#10;"/>
    <property name="java.vm.specification.vendor" value="Oracle Corporation"/>
    <property name="java.specification.name" value="Java Platform API Specification"/>
    <property name="apple.awt.application.name" value="ForkedBooter"/>
    <property name="surefire.real.class.path" value="/Users/manoj.p/automationlearning/TechnicalChallenge_Orcale/target/surefire/surefirebooter-20240716112904733_3.jar"/>
    <property name="sun.management.compiler" value="HotSpot 64-Bit Tiered Compilers"/>
    <property name="java.runtime.version" value="21.0.3+7-LTS-152"/>
    <property name="user.name" value="manoj.p"/>
    <property name="stdout.encoding" value="UTF-8"/>
    <property name="path.separator" value=":"/>
    <property name="os.version" value="14.5"/>
    <property name="java.runtime.name" value="Java(TM) SE Runtime Environment"/>
    <property name="file.encoding" value="UTF-8"/>
    <property name="java.vm.name" value="Java HotSpot(TM) 64-Bit Server VM"/>
    <property name="localRepository" value="/Users/manoj.p/.m2/repository"/>
    <property name="java.vendor.url.bug" value="https://bugreport.java.com/bugreport/"/>
    <property name="java.io.tmpdir" value="/var/folders/qv/63qnqgds37ld9t9qrrlnwqgczcrfyp/T/"/>
    <property name="java.version" value="21.0.3"/>
    <property name="user.dir" value="/Users/manoj.p/automationlearning/TechnicalChallenge_Orcale"/>
    <property name="os.arch" value="x86_64"/>
    <property name="java.vm.specification.name" value="Java Virtual Machine Specification"/>
    <property name="native.encoding" value="UTF-8"/>
    <property name="java.library.path" value="/Users/manoj.p/Library/Java/Extensions:/Library/Java/Extensions:/Network/Library/Java/Extensions:/System/Library/Java/Extensions:/usr/lib/java:."/>
    <property name="java.vm.info" value="mixed mode, sharing"/>
    <property name="stderr.encoding" value="UTF-8"/>
    <property name="java.vendor" value="Oracle Corporation"/>
    <property name="java.vm.version" value="21.0.3+7-LTS-152"/>
    <property name="sun.io.unicode.encoding" value="UnicodeBig"/>
    <property name="java.class.version" value="65.0"/>
  </properties>
  <testcase name="testAverageBuildDurationByGeozone" classname="application_tests.ReportGeneratorTest" time="0.01"/>
  <testcase name="testAverageBuildDurationByGeozone_duplicateEntries" classname="application_tests.ReportGeneratorTest" time="0.0"/>
  <testcase name="testAverageBuildDurationByGeozone_emptyEntries" classname="application_tests.ReportGeneratorTest" time="0.0"/>
  <testcase name="testAverageBuildDurationByGeozone_singleEntry" classname="application_tests.ReportGeneratorTest" time="0.0"/>
  <testcase name="testAverageBuildDurationByGeozone_zeroDuration" classname="application_tests.ReportGeneratorTest" time="0.0"/>
  <testcase name="testUniqueCustomerCountByContract" classname="application_tests.ReportGeneratorTest" time="0.0"/>
  <testcase name="testUniqueCustomerCountByContract_duplicateEntries" classname="application_tests.ReportGeneratorTest" time="0.001"/>
  <testcase name="testUniqueCustomerCountByContract_emptyEntries" classname="application_tests.ReportGeneratorTest" time="0.001"/>
  <testcase name="testUniqueCustomerCountByContract_singleEntry" classname="application_tests.ReportGeneratorTest" time="0.0"/>
  <testcase name="testUniqueCustomerCountByGeozone" classname="application_tests.ReportGeneratorTest" time="0.0"/>
  <testcase name="testUniqueCustomerCountByGeozone_duplicateEntries" classname="application_tests.ReportGeneratorTest" time="0.0"/>
  <testcase name="testUniqueCustomerCountByGeozone_emptyEntries" classname="application_tests.ReportGeneratorTest" time="0.0"/>
  <testcase name="testUniqueCustomerCountByGeozone_singleEntry" classname="application_tests.ReportGeneratorTest" time="0.001"/>
  <testcase name="testUniqueCustomersByGeozone" classname="application_tests.ReportGeneratorTest" time="0.0"/>
  <testcase name="testUniqueCustomersByGeozone_duplicateEntries" classname="application_tests.ReportGeneratorTest" time="0.0"/>
  <testcase name="testUniqueCustomersByGeozone_emptyEntries" classname="application_tests.ReportGeneratorTest" time="0.0"/>
  <testcase name="testUniqueCustomersByGeozone_singleEntry" classname="application_tests.ReportGeneratorTest" time="0.001"/>
  <testcase name="testAverageBuildDurationByGeozone" classname="application_tests.ExcelDataIntegrationTest" time="0.001"/>
  <testcase name="testDuplicateEntries" classname="application_tests.ExcelDataIntegrationTest" time="0.001"/>
  <testcase name="testEmptyEntries" classname="application_tests.ExcelDataIntegrationTest" time="0.001"/>
  <testcase name="testSingleEntry" classname="application_tests.ExcelDataIntegrationTest" time="0.0"/>
  <testcase name="testUniqueCustomerCountByContract" classname="application_tests.ExcelDataIntegrationTest" time="0.0"/>
  <testcase name="testUniqueCustomerCountByGeozone" classname="application_tests.ExcelDataIntegrationTest" time="0.0"/>
</testsuite>