<?xml version="1.0" encoding="UTF-8"?>
<!-- Generated by org.testng.reporters.JUnitReportReporter -->
<testsuite hostname="RINMAC2354" failures="0" tests="2" name="page_tests.ReportGeneratorTest" time="0.013" errors="0" timestamp="15 Jul 2024 13:06:15 GMT" skipped="0">
  <testcase classname="page_tests.ReportGeneratorTest" name="testUniqueCustomerCountByContract" time="0.012"/>
  <testcase classname="page_tests.ReportGeneratorTest" name="testUniqueCustomerCountByGeozone" time="0.001"/>
</testsuite> <!-- page_tests.ReportGeneratorTest -->
