<?xml version="1.0" encoding="UTF-8"?>
<!-- Generated by org.testng.reporters.JUnitReportReporter -->
<testsuite hostname="RINMAC2354" failures="0" tests="2" name="page_tests.ExcelDataIntegrationTest" time="0.016" errors="0" timestamp="15 Jul 2024 14:29:22 GMT" skipped="0">
  <testcase classname="page_tests.ExcelDataIntegrationTest" name="testUniqueCustomerCountByGeozone" time="0.002"/>
  <testcase classname="page_tests.ExcelDataIntegrationTest" name="testUniqueCustomerCountByContract" time="0.014"/>
</testsuite> <!-- page_tests.ExcelDataIntegrationTest -->
