<?xml version="1.0" encoding="UTF-8"?>
<!-- Generated by org.testng.reporters.JUnitReportReporter -->
<testsuite hostname="RINMAC2354" failures="0" tests="6" name="application_tests.ExcelDataIntegrationTest" time="0.010" errors="0" timestamp="16 Jul 2024 05:59:05 GMT" skipped="0">
  <testcase classname="application_tests.ExcelDataIntegrationTest" name="testSingleEntry" time="0.001"/>
  <testcase classname="application_tests.ExcelDataIntegrationTest" name="testDuplicateEntries" time="0.002"/>
  <testcase classname="application_tests.ExcelDataIntegrationTest" name="testUniqueCustomerCountByContract" time="0.001"/>
  <testcase classname="application_tests.ExcelDataIntegrationTest" name="testAverageBuildDurationByGeozone" time="0.002"/>
  <testcase classname="application_tests.ExcelDataIntegrationTest" name="testEmptyEntries" time="0.002"/>
  <testcase classname="application_tests.ExcelDataIntegrationTest" name="testUniqueCustomerCountByGeozone" time="0.002"/>
</testsuite> <!-- application_tests.ExcelDataIntegrationTest -->
