<?xml version="1.0" encoding="UTF-8"?>
<!-- Generated by org.testng.reporters.JUnitReportReporter -->
<testsuite hostname="RINMAC2354" failures="0" tests="17" name="application_tests.ReportGeneratorTest" time="0.018" errors="0" timestamp="16 Jul 2024 05:59:05 GMT" skipped="0">
  <testcase classname="application_tests.ReportGeneratorTest" name="testAverageBuildDurationByGeozone_duplicateEntries" time="0.000"/>
  <testcase classname="application_tests.ReportGeneratorTest" name="testUniqueCustomersByGeozone_singleEntry" time="0.000"/>
  <testcase classname="application_tests.ReportGeneratorTest" name="testAverageBuildDurationByGeozone" time="0.011"/>
  <testcase classname="application_tests.ReportGeneratorTest" name="testUniqueCustomerCountByContract_emptyEntries" time="0.000"/>
  <testcase classname="application_tests.ReportGeneratorTest" name="testUniqueCustomerCountByGeozone_duplicateEntries" time="0.001"/>
  <testcase classname="application_tests.ReportGeneratorTest" name="testUniqueCustomerCountByContract_singleEntry" time="0.000"/>
  <testcase classname="application_tests.ReportGeneratorTest" name="testUniqueCustomersByGeozone" time="0.000"/>
  <testcase classname="application_tests.ReportGeneratorTest" name="testUniqueCustomerCountByGeozone_emptyEntries" time="0.001"/>
  <testcase classname="application_tests.ReportGeneratorTest" name="testAverageBuildDurationByGeozone_singleEntry" time="0.000"/>
  <testcase classname="application_tests.ReportGeneratorTest" name="testAverageBuildDurationByGeozone_zeroDuration" time="0.001"/>
  <testcase classname="application_tests.ReportGeneratorTest" name="testUniqueCustomerCountByGeozone" time="0.001"/>
  <testcase classname="application_tests.ReportGeneratorTest" name="testAverageBuildDurationByGeozone_emptyEntries" time="0.000"/>
  <testcase classname="application_tests.ReportGeneratorTest" name="testUniqueCustomerCountByContract_duplicateEntries" time="0.000"/>
  <testcase classname="application_tests.ReportGeneratorTest" name="testUniqueCustomersByGeozone_emptyEntries" time="0.001"/>
  <testcase classname="application_tests.ReportGeneratorTest" name="testUniqueCustomerCountByGeozone_singleEntry" time="0.000"/>
  <testcase classname="application_tests.ReportGeneratorTest" name="testUniqueCustomerCountByContract" time="0.001"/>
  <testcase classname="application_tests.ReportGeneratorTest" name="testUniqueCustomersByGeozone_duplicateEntries" time="0.001"/>
</testsuite> <!-- application_tests.ReportGeneratorTest -->
